0 info it worked if it ends with ok
1 verbose cli [ '/home/auser/.nvm/v0.10.26/bin/node',
1 verbose cli   '/home/auser/.nvm/v0.10.26/bin/npm',
1 verbose cli   'start' ]
2 info using npm@1.4.3
3 info using node@v0.10.26
4 verbose run-script [ 'prestart', 'start', 'poststart' ]
5 info prestart appExpress@0.0.1
6 info start appExpress@0.0.1
7 verbose unsafe-perm in lifecycle true
8 info appExpress@0.0.1 Failed to exec start script
9 error appExpress@0.0.1 start: `node index.js`
9 error Exit status 8
10 error Failed at the appExpress@0.0.1 start script.
10 error This is most likely a problem with the appExpress package,
10 error not with npm itself.
10 error Tell the author that this fails on your system:
10 error     node index.js
10 error You can get their info via:
10 error     npm owner ls appExpress
10 error There is likely additional logging output above.
11 error System Linux 3.13.0-108-generic
12 error command "/home/auser/.nvm/v0.10.26/bin/node" "/home/auser/.nvm/v0.10.26/bin/npm" "start"
13 error cwd /home/auser/workspace/appExpress
14 error node -v v0.10.26
15 error npm -v 1.4.3
16 error code ELIFECYCLE
17 verbose exit [ 1, true ]
